<?xml version="1.0" encoding="UTF-8"?>
<testng-results ignored="0" total="1" passed="0" failed="1" skipped="0">
  <reporter-output>
  </reporter-output>
  <suite started-at="2024-06-21T14:59:24 IST" name="Default suite" finished-at="2024-06-21T14:59:50 IST" duration-ms="25958">
    <groups>
    </groups>
    <test started-at="2024-06-21T14:59:24 IST" name="Default test" finished-at="2024-06-21T14:59:50 IST" duration-ms="25958">
      <class name="oculus.testcases.justTest">
        <test-method is-config="true" signature="start_bowser(java.lang.String)[pri:0, instance:oculus.testcases.justTest@5af3afd9]" started-at="2024-06-21T14:59:24 IST" name="start_bowser" finished-at="2024-06-21T14:59:37 IST" duration-ms="13302" status="PASS">
          <params>
            <param index="0">
              <value>
                <![CDATA[chrome]]>
              </value>
            </param>
          </params>
          <reporter-output>
          </reporter-output>
        </test-method> <!-- start_bowser -->
        <test-method signature="verify_price_get_changed_after_selected_larger_plan()[pri:37, instance:oculus.testcases.justTest@5af3afd9]" started-at="2024-06-21T14:59:37 IST" name="verify_price_get_changed_after_selected_larger_plan" finished-at="2024-06-21T14:59:49 IST" duration-ms="12042" status="FAIL">
          <exception class="java.lang.AssertionError">
            <message>
              <![CDATA[expected [$0.25/GB.] but found [$0.25/GB]]]>
            </message>
            <full-stacktrace>
              <![CDATA[java.lang.AssertionError: expected [$0.25/GB.] but found [$0.25/GB]
at org.testng.Assert.fail(Assert.java:111)
at org.testng.Assert.failNotEquals(Assert.java:1578)
at org.testng.Assert.assertEqualsImpl(Assert.java:150)
at org.testng.Assert.assertEquals(Assert.java:132)
at org.testng.Assert.assertEquals(Assert.java:656)
at org.testng.Assert.assertEquals(Assert.java:666)
at oculus.testcases.justTest.verify_price_get_changed_after_selected_larger_plan(justTest.java:43)
at java.base/jdk.internal.reflect.NativeMethodAccessorImpl.invoke0(Native Method)
at java.base/jdk.internal.reflect.NativeMethodAccessorImpl.invoke(NativeMethodAccessorImpl.java:77)
at java.base/jdk.internal.reflect.DelegatingMethodAccessorImpl.invoke(DelegatingMethodAccessorImpl.java:43)
at java.base/java.lang.reflect.Method.invoke(Method.java:568)
at org.testng.internal.invokers.MethodInvocationHelper.invokeMethod(MethodInvocationHelper.java:139)
at org.testng.internal.invokers.TestInvoker.invokeMethod(TestInvoker.java:664)
at org.testng.internal.invokers.TestInvoker.invokeTestMethod(TestInvoker.java:228)
at org.testng.internal.invokers.MethodRunner.runInSequence(MethodRunner.java:63)
at org.testng.internal.invokers.TestInvoker$MethodInvocationAgent.invoke(TestInvoker.java:961)
at org.testng.internal.invokers.TestInvoker.invokeTestMethods(TestInvoker.java:201)
at org.testng.internal.invokers.TestMethodWorker.invokeTestMethods(TestMethodWorker.java:148)
at org.testng.internal.invokers.TestMethodWorker.run(TestMethodWorker.java:128)
at java.base/java.util.ArrayList.forEach(ArrayList.java:1511)
at org.testng.TestRunner.privateRun(TestRunner.java:819)
at org.testng.TestRunner.run(TestRunner.java:619)
at org.testng.SuiteRunner.runTest(SuiteRunner.java:443)
at org.testng.SuiteRunner.runSequentially(SuiteRunner.java:437)
at org.testng.SuiteRunner.privateRun(SuiteRunner.java:397)
at org.testng.SuiteRunner.run(SuiteRunner.java:336)
at org.testng.SuiteRunnerWorker.runSuite(SuiteRunnerWorker.java:52)
at org.testng.SuiteRunnerWorker.run(SuiteRunnerWorker.java:95)
at org.testng.TestNG.runSuitesSequentially(TestNG.java:1301)
at org.testng.TestNG.runSuitesLocally(TestNG.java:1228)
at org.testng.TestNG.runSuites(TestNG.java:1134)
at org.testng.TestNG.run(TestNG.java:1101)
at org.testng.remote.AbstractRemoteTestNG.run(AbstractRemoteTestNG.java:115)
at org.testng.remote.RemoteTestNG.initAndRun(RemoteTestNG.java:251)
at org.testng.remote.RemoteTestNG.main(RemoteTestNG.java:77)
]]>
            </full-stacktrace>
          </exception> <!-- java.lang.AssertionError -->
          <reporter-output>
          </reporter-output>
        </test-method> <!-- verify_price_get_changed_after_selected_larger_plan -->
        <test-method is-config="true" signature="takeSS(org.testng.ITestResult)[pri:0, instance:oculus.testcases.justTest@5af3afd9]" started-at="2024-06-21T14:59:49 IST" name="takeSS" finished-at="2024-06-21T14:59:50 IST" duration-ms="395" status="PASS">
          <params>
            <param index="0">
              <value>
                <![CDATA[[TestResult name=verify_price_get_changed_after_selected_larger_plan status=FAILURE method=justTest.verify_price_get_changed_after_selected_larger_plan()[pri:37, instance:oculus.testcases.justTest@5af3afd9] output={null}]]]>
              </value>
            </param>
          </params>
          <reporter-output>
          </reporter-output>
        </test-method> <!-- takeSS -->
        <test-method is-config="true" signature="Close_Browser()[pri:0, instance:oculus.testcases.justTest@5af3afd9]" started-at="2024-06-21T14:59:50 IST" name="Close_Browser" finished-at="2024-06-21T14:59:50 IST" duration-ms="126" status="PASS">
          <reporter-output>
          </reporter-output>
        </test-method> <!-- Close_Browser -->
      </class> <!-- oculus.testcases.justTest -->
    </test> <!-- Default test -->
  </suite> <!-- Default suite -->
</testng-results>
