<?xml version="1.0" encoding="UTF-8"?>
<!-- Generated by org.testng.reporters.JUnitXMLReporter -->
<testsuite ignored="0" hostname="hp-H310B" failures="2" tests="21" name="Test" time="111.345" errors="0" timestamp="2024-05-06T16:57:02 IST">
  <testcase classname="testcases_package.sanityAfterLogin" name="verify_try_now_button_is_functional" time="1.181"/>
  <testcase classname="testcases_package.sanityAfterLogin" name="verify_try_now_button_is_functional2" time="0.945"/>
  <testcase classname="testcases_package.sanityAfterLogin" name="verify_dropdown_values_Static_Residential_Proxies" time="3.22"/>
  <testcase classname="testcases_package.sanityAfterLogin" name="verify_dropdown_values_Static_Residential_ProxiesISPplus" time="2.66"/>
  <testcase classname="testcases_package.sanityAfterLogin" name="verify_dropdown_values_Dedicated_Datacenter_Proxies" time="2.684"/>
  <testcase classname="testcases_package.sanityAfterLogin" name="verify_dropdown_values_Shared_Datacenter" time="1.929"/>
  <testcase classname="testcases_package.sanityAfterLogin" name="verify_dropdown_navigate_to_my_proxies_page" time="0.895"/>
  <testcase classname="testcases_package.sanityAfterLogin" name="verify_dropdown_navigate_to_my_profile" time="1.026"/>
  <testcase classname="testcases_package.sanityAfterLogin" name="verify_dropdown_navigate_to_my_Payment_method" time="5.072"/>
  <testcase classname="testcases_package.sanityAfterLogin" name="Verify_that_the_ISP_product_has_been_successfully_purchased" time="20.647"/>
  <testcase classname="testcases_package.sanityAfterLogin" name="Verify_Proxie_configuration_page_should_be_oppen" time="21.468">
    <failure type="org.openqa.selenium.TimeoutException" message="Expected condition failed: waiting for visibility of element located by By.xpath: (//span[text()=&amp;apos; Configure &amp;apos;])[2] (tried for 20 second(s) with 500 milliseconds interval)">
      <![CDATA[org.openqa.selenium.TimeoutException: Expected condition failed: waiting for visibility of element located by By.xpath: (//span[text()=' Configure '])[2] (tried for 20 second(s) with 500 milliseconds interval)
at org.openqa.selenium.support.ui.WebDriverWait.timeoutException(WebDriverWait.java:95)
at org.openqa.selenium.support.ui.FluentWait.until(FluentWait.java:272)
at testcases_package.sanityAfterLogin.Verify_Proxie_configuration_page_should_be_oppen(sanityAfterLogin.java:359)
at java.base/java.util.ArrayList.forEach(ArrayList.java:1511)
Caused by: org.openqa.selenium.NoSuchElementException: no such element: Unable to locate element: {"method":"xpath","selector":"(//span[text()=' Configure '])[2]"}
  (Session info: chrome=123.0.6312.105)
For documentation on this error, please visit: https://www.seleniumhq.org/exceptions/no_such_element.html
Build info: version: '3.141.59', revision: 'e82be7d358', time: '2018-11-14T08:17:03'
System info: host: 'hp-H310B', ip: '127.0.1.1', os.name: 'Linux', os.arch: 'amd64', os.version: '6.2.0-39-generic', java.version: '17.0.9'
Driver info: org.openqa.selenium.chrome.ChromeDriver
Capabilities {acceptInsecureCerts: false, browserName: chrome, browserVersion: 123.0.6312.105, chrome: {chromedriverVersion: 123.0.6312.122 (31f8248cdd9..., userDataDir: /tmp/.org.chromium.Chromium...}, fedcm:accounts: true, goog:chromeOptions: {debuggerAddress: localhost:39407}, javascriptEnabled: true, networkConnectionEnabled: false, pageLoadStrategy: normal, platform: LINUX, platformName: LINUX, proxy: Proxy(), setWindowRect: true, strictFileInteractability: false, timeouts: {implicit: 0, pageLoad: 300000, script: 30000}, unhandledPromptBehavior: dismiss and notify, webauthn:extension:credBlob: true, webauthn:extension:largeBlob: true, webauthn:extension:minPinLength: true, webauthn:extension:prf: true, webauthn:virtualAuthenticators: true}
Session ID: 6dcd9606b218e0698b5af45285d231f6
*** Element info: {Using=xpath, value=(//span[text()=' Configure '])[2]}
at org.openqa.selenium.remote.http.W3CHttpResponseCodec.createException(W3CHttpResponseCodec.java:187)
at org.openqa.selenium.remote.http.W3CHttpResponseCodec.decode(W3CHttpResponseCodec.java:122)
at org.openqa.selenium.remote.http.W3CHttpResponseCodec.decode(W3CHttpResponseCodec.java:49)
at org.openqa.selenium.remote.HttpCommandExecutor.execute(HttpCommandExecutor.java:158)
at org.openqa.selenium.remote.service.DriverCommandExecutor.execute(DriverCommandExecutor.java:83)
at org.openqa.selenium.remote.RemoteWebDriver.execute(RemoteWebDriver.java:552)
at org.openqa.selenium.remote.RemoteWebDriver.findElement(RemoteWebDriver.java:323)
at org.openqa.selenium.remote.RemoteWebDriver.findElementByXPath(RemoteWebDriver.java:428)
at org.openqa.selenium.By$ByXPath.findElement(By.java:353)
at org.openqa.selenium.remote.RemoteWebDriver.findElement(RemoteWebDriver.java:315)
at org.openqa.selenium.support.ui.ExpectedConditions$7.apply(ExpectedConditions.java:205)
at org.openqa.selenium.support.ui.ExpectedConditions$7.apply(ExpectedConditions.java:201)
at org.openqa.selenium.support.ui.FluentWait.until(FluentWait.java:249)
... 30 more
... Removed 32 stack frames]]>
    </failure>
  </testcase> <!-- Verify_Proxie_configuration_page_should_be_oppen -->
  <testcase classname="testcases_package.sanityAfterLogin" name="verify_Documentation_Link_Is_Functional" time="9.39"/>
  <testcase classname="testcases_package.sanityAfterLogin" name="verify_Country_Dropdown_Is_Functional_under_configure_proxy_page" time="3.413"/>
  <testcase classname="testcases_package.sanityAfterLogin" name="verify_Change_Payment_Method_Update_Is_Functional_under_configure_proxy_page" time="5.857">
    <failure type="java.lang.AssertionError" message="expected [Your payment method has been updated for this order] but found [Your payment method has been updated for this order.]">
      <![CDATA[java.lang.AssertionError: expected [Your payment method has been updated for this order] but found [Your payment method has been updated for this order.]
at testcases_package.sanityAfterLogin.verify_Change_Payment_Method_Update_Is_Functional_under_configure_proxy_page(sanityAfterLogin.java:592)
at java.base/java.util.ArrayList.forEach(ArrayList.java:1511)
... Removed 34 stack frames]]>
    </failure>
  </testcase> <!-- verify_Change_Payment_Method_Update_Is_Functional_under_configure_proxy_page -->
  <testcase classname="testcases_package.sanityAfterLogin" name="verify_navigate_to_Change_Payment_Method_Is_Functional_under_configure_proxy_page" time="4.29"/>
  <testcase classname="testcases_package.sanityAfterLogin" name="verify_History_Is_Functional_under_configure_proxy_page" time="4.136"/>
  <testcase classname="testcases_package.sanityAfterLogin" name="verify_Auto_renew_Setting_Page_Is_Functional_under_configure_proxy_page" time="2.029"/>
  <testcase classname="testcases_package.sanityAfterLogin" name="verify_Add_Page_Is_Functional_under_configure_proxy_page" time="1.553"/>
  <testcase classname="testcases_package.sanityAfterLogin" name="verify_Your_payment_method_has_been_updated_for_this_order" time="5.132"/>
  <testcase classname="testcases_package.sanityAfterLogin" name="verify_dropdown_navigate_to_my_Payment_method_update" time="4.839"/>
  <testcase classname="testcases_package.sanityAfterLogin" name="verify_update_my_Profile" time="2.757"/>
</testsuite> <!-- Test -->
