<?xml version="1.0" encoding="UTF-8"?>
<!-- Generated by org.testng.reporters.JUnitXMLReporter -->
<testsuite ignored="0" hostname="hp-H310B" failures="4" tests="4" name="Test" time="32.252" errors="0" timestamp="2024-05-17T19:08:48 IST">
  <testcase classname="oculus.testcases.SanityTestV3" name="verifyProductPage_Dedicated_Datacenter" time="20.175">
    <failure type="org.openqa.selenium.TimeoutException" message="Expected condition failed: waiting for visibility of element located by By.xpath: //a[@id=&amp;apos;navbar-drop2&amp;apos;] (tried for 20 second(s) with 500 milliseconds interval)">
      <![CDATA[org.openqa.selenium.TimeoutException: Expected condition failed: waiting for visibility of element located by By.xpath: //a[@id='navbar-drop2'] (tried for 20 second(s) with 500 milliseconds interval)
at org.openqa.selenium.support.ui.WebDriverWait.timeoutException(WebDriverWait.java:95)
at org.openqa.selenium.support.ui.FluentWait.until(FluentWait.java:272)
at oculus.testcases.SanityTestV3.verifyProductPage_Dedicated_Datacenter(SanityTestV3.java:67)
at java.base/java.util.ArrayList.forEach(ArrayList.java:1511)
Caused by: org.openqa.selenium.NoSuchElementException: no such element: Unable to locate element: {"method":"xpath","selector":"//a[@id='navbar-drop2']"}
  (Session info: chrome=123.0.6312.105)
For documentation on this error, please visit: https://www.seleniumhq.org/exceptions/no_such_element.html
Build info: version: '3.141.59', revision: 'e82be7d358', time: '2018-11-14T08:17:03'
System info: host: 'hp-H310B', ip: '127.0.1.1', os.name: 'Linux', os.arch: 'amd64', os.version: '6.2.0-39-generic', java.version: '17.0.9'
Driver info: org.openqa.selenium.chrome.ChromeDriver
Capabilities {acceptInsecureCerts: false, browserName: chrome, browserVersion: 123.0.6312.105, chrome: {chromedriverVersion: 123.0.6312.122 (31f8248cdd9..., userDataDir: /tmp/.org.chromium.Chromium...}, fedcm:accounts: true, goog:chromeOptions: {debuggerAddress: localhost:37623}, javascriptEnabled: true, networkConnectionEnabled: false, pageLoadStrategy: normal, platform: LINUX, platformName: LINUX, proxy: Proxy(), setWindowRect: true, strictFileInteractability: false, timeouts: {implicit: 0, pageLoad: 300000, script: 30000}, unhandledPromptBehavior: dismiss and notify, webauthn:extension:credBlob: true, webauthn:extension:largeBlob: true, webauthn:extension:minPinLength: true, webauthn:extension:prf: true, webauthn:virtualAuthenticators: true}
Session ID: b670b3e4ecbb63a8ca50acca81872150
*** Element info: {Using=xpath, value=//a[@id='navbar-drop2']}
at org.openqa.selenium.remote.http.W3CHttpResponseCodec.createException(W3CHttpResponseCodec.java:187)
at org.openqa.selenium.remote.http.W3CHttpResponseCodec.decode(W3CHttpResponseCodec.java:122)
at org.openqa.selenium.remote.http.W3CHttpResponseCodec.decode(W3CHttpResponseCodec.java:49)
at org.openqa.selenium.remote.HttpCommandExecutor.execute(HttpCommandExecutor.java:158)
at org.openqa.selenium.remote.service.DriverCommandExecutor.execute(DriverCommandExecutor.java:83)
at org.openqa.selenium.remote.RemoteWebDriver.execute(RemoteWebDriver.java:552)
at org.openqa.selenium.remote.RemoteWebDriver.findElement(RemoteWebDriver.java:323)
at org.openqa.selenium.remote.RemoteWebDriver.findElementByXPath(RemoteWebDriver.java:428)
at org.openqa.selenium.By$ByXPath.findElement(By.java:353)
at org.openqa.selenium.remote.RemoteWebDriver.findElement(RemoteWebDriver.java:315)
at org.openqa.selenium.support.ui.ExpectedConditions$7.apply(ExpectedConditions.java:205)
at org.openqa.selenium.support.ui.ExpectedConditions$7.apply(ExpectedConditions.java:201)
at org.openqa.selenium.support.ui.FluentWait.until(FluentWait.java:249)
... 30 more
... Removed 32 stack frames]]>
    </failure>
  </testcase> <!-- verifyProductPage_Dedicated_Datacenter -->
  <testcase classname="oculus.testcases.SanityTestV3" name="verifyProductPage_ISP" time="4.307">
    <failure type="java.lang.AssertionError" message="https://dev.oculusproxies.com/products/isp_proxy expected:&amp;lt;https://dev.oculusproxies.com/products/isp_proxy&amp;gt; but was:&amp;lt;Incorrect tab is opened. Expected: https://dev.oculusproxies.com/products/isp_proxy, Actual: https://dev.oculusproxies.com/products/isp_proxy&amp;gt;">
      <![CDATA[java.lang.AssertionError: https://dev.oculusproxies.com/products/isp_proxy expected:<https://dev.oculusproxies.com/products/isp_proxy> but was:<Incorrect tab is opened. Expected: https://dev.oculusproxies.com/products/isp_proxy, Actual: https://dev.oculusproxies.com/products/isp_proxy>
at oculus.testcases.SanityTestV3.verifyProductPage_ISP(SanityTestV3.java:25)
at java.base/java.util.ArrayList.forEach(ArrayList.java:1511)
... Removed 29 stack frames]]>
    </failure>
  </testcase> <!-- verifyProductPage_ISP -->
  <testcase classname="oculus.testcases.SanityTestV3" name="verifyProductPage_ISP_Plus" time="0.881">
    <failure type="java.lang.AssertionError" message="https://dev.oculusproxies.com/products/isp_plus_proxy expected:&amp;lt;https://dev.oculusproxies.com/products/isp_plus_proxy&amp;gt; but was:&amp;lt;Incorrect tab is opened. Expected: https://dev.oculusproxies.com/products/isp_plus_proxy, Actual: https://dev.oculusproxies.com/products/isp_plus_proxy&amp;gt;">
      <![CDATA[java.lang.AssertionError: https://dev.oculusproxies.com/products/isp_plus_proxy expected:<https://dev.oculusproxies.com/products/isp_plus_proxy> but was:<Incorrect tab is opened. Expected: https://dev.oculusproxies.com/products/isp_plus_proxy, Actual: https://dev.oculusproxies.com/products/isp_plus_proxy>
at oculus.testcases.SanityTestV3.verifyProductPage_ISP_Plus(SanityTestV3.java:43)
at java.base/java.util.ArrayList.forEach(ArrayList.java:1511)
... Removed 29 stack frames]]>
    </failure>
  </testcase> <!-- verifyProductPage_ISP_Plus -->
  <testcase classname="oculus.testcases.SanityTestV3" name="verifyProductPage_Shared_Datacenter" time="1.016">
    <failure type="java.lang.AssertionError" message="https://dev.oculusproxies.com/products/shared_dc expected:&amp;lt;https://dev.oculusproxies.com/products/shared_dc&amp;gt; but was:&amp;lt;Incorrect tab is opened. Expected: https://dev.oculusproxies.com/products/shared_dc, Actual: https://dev.oculusproxies.com/products/shared_dc&amp;gt;">
      <![CDATA[java.lang.AssertionError: https://dev.oculusproxies.com/products/shared_dc expected:<https://dev.oculusproxies.com/products/shared_dc> but was:<Incorrect tab is opened. Expected: https://dev.oculusproxies.com/products/shared_dc, Actual: https://dev.oculusproxies.com/products/shared_dc>
at oculus.testcases.SanityTestV3.verifyProductPage_Shared_Datacenter(SanityTestV3.java:59)
at java.base/java.util.ArrayList.forEach(ArrayList.java:1511)
... Removed 29 stack frames]]>
    </failure>
  </testcase> <!-- verifyProductPage_Shared_Datacenter -->
</testsuite> <!-- Test -->
