<?xml version="1.0" encoding="UTF-8"?>
<testng-results ignored="0" total="10" passed="9" failed="1" skipped="0">
  <reporter-output>
  </reporter-output>
  <suite started-at="2024-04-25T17:57:38 IST" name="Default suite" finished-at="2024-04-25T17:58:21 IST" duration-ms="43131">
    <groups>
    </groups>
    <test started-at="2024-04-25T17:57:38 IST" name="Default test" finished-at="2024-04-25T17:58:21 IST" duration-ms="43131">
      <class name="testcases_package.sanityAfterLogin">
        <test-method is-config="true" signature="start_bowser(java.lang.String)[pri:0, instance:testcases_package.sanityAfterLogin@76908cc0]" started-at="2024-04-25T17:57:38 IST" name="start_bowser" finished-at="2024-04-25T17:57:45 IST" duration-ms="6877" status="PASS">
          <params>
            <param index="0">
              <value>
                <![CDATA[chrome]]>
              </value>
            </param>
          </params>
          <reporter-output>
          </reporter-output>
        </test-method> <!-- start_bowser -->
        <test-method signature="Verify_Proxie_configuration_page_should_be_oppen()[pri:-1, instance:testcases_package.sanityAfterLogin@76908cc0]" started-at="2024-04-25T17:57:45 IST" name="Verify_Proxie_configuration_page_should_be_oppen" finished-at="2024-04-25T17:57:50 IST" duration-ms="4603" status="PASS">
          <reporter-output>
          </reporter-output>
        </test-method> <!-- Verify_Proxie_configuration_page_should_be_oppen -->
        <test-method signature="Verify_that_the_ISP_product_has_been_successfully_purchased()[pri:1, instance:testcases_package.sanityAfterLogin@76908cc0]" started-at="2024-04-25T17:57:50 IST" name="Verify_that_the_ISP_product_has_been_successfully_purchased" finished-at="2024-04-25T17:58:09 IST" duration-ms="18888" status="PASS">
          <reporter-output>
          </reporter-output>
        </test-method> <!-- Verify_that_the_ISP_product_has_been_successfully_purchased -->
        <test-method signature="verify_try_now_button_is_functional2()[pri:2, instance:testcases_package.sanityAfterLogin@76908cc0]" started-at="2024-04-25T17:58:09 IST" name="verify_try_now_button_is_functional2" finished-at="2024-04-25T17:58:10 IST" duration-ms="1163" status="PASS">
          <reporter-output>
          </reporter-output>
        </test-method> <!-- verify_try_now_button_is_functional2 -->
        <test-method signature="verify_dropdown_values_Static_Residential_Proxies()[pri:3, instance:testcases_package.sanityAfterLogin@76908cc0]" started-at="2024-04-25T17:58:10 IST" name="verify_dropdown_values_Static_Residential_Proxies" finished-at="2024-04-25T17:58:12 IST" duration-ms="2283" status="PASS">
          <reporter-output>
          </reporter-output>
        </test-method> <!-- verify_dropdown_values_Static_Residential_Proxies -->
        <test-method signature="verify_dropdown_values_Dedicated_Datacenter_Proxies()[pri:4, instance:testcases_package.sanityAfterLogin@76908cc0]" started-at="2024-04-25T17:58:12 IST" name="verify_dropdown_values_Dedicated_Datacenter_Proxies" finished-at="2024-04-25T17:58:14 IST" duration-ms="2385" status="PASS">
          <reporter-output>
          </reporter-output>
        </test-method> <!-- verify_dropdown_values_Dedicated_Datacenter_Proxies -->
        <test-method signature="verify_dropdown_values_Shared_Datacenter()[pri:5, instance:testcases_package.sanityAfterLogin@76908cc0]" started-at="2024-04-25T17:58:14 IST" name="verify_dropdown_values_Shared_Datacenter" finished-at="2024-04-25T17:58:17 IST" duration-ms="2459" status="PASS">
          <reporter-output>
          </reporter-output>
        </test-method> <!-- verify_dropdown_values_Shared_Datacenter -->
        <test-method signature="verify_dropdown_navigate_to_my_proxies_page()[pri:6, instance:testcases_package.sanityAfterLogin@76908cc0]" started-at="2024-04-25T17:58:17 IST" name="verify_dropdown_navigate_to_my_proxies_page" finished-at="2024-04-25T17:58:18 IST" duration-ms="913" status="PASS">
          <reporter-output>
          </reporter-output>
        </test-method> <!-- verify_dropdown_navigate_to_my_proxies_page -->
        <test-method signature="verify_dropdown_navigate_to_my_profile()[pri:7, instance:testcases_package.sanityAfterLogin@76908cc0]" started-at="2024-04-25T17:58:18 IST" name="verify_dropdown_navigate_to_my_profile" finished-at="2024-04-25T17:58:19 IST" duration-ms="999" status="PASS">
          <reporter-output>
          </reporter-output>
        </test-method> <!-- verify_dropdown_navigate_to_my_profile -->
        <test-method signature="verify_dropdown_navigate_to_my_Payment_method()[pri:8, instance:testcases_package.sanityAfterLogin@76908cc0]" started-at="2024-04-25T17:58:19 IST" name="verify_dropdown_navigate_to_my_Payment_method" finished-at="2024-04-25T17:58:20 IST" duration-ms="1301" status="FAIL">
          <exception class="java.lang.AssertionError">
            <message>
              <![CDATA[expected [https://dev.oculusproxies.com/paymentMethods] but found [https://dev.oculusproxies.com/]]]>
            </message>
            <full-stacktrace>
              <![CDATA[java.lang.AssertionError: expected [https://dev.oculusproxies.com/paymentMethods] but found [https://dev.oculusproxies.com/]
at org.testng.Assert.fail(Assert.java:99)
at org.testng.Assert.failNotEquals(Assert.java:1037)
at org.testng.Assert.assertEqualsImpl(Assert.java:140)
at org.testng.Assert.assertEquals(Assert.java:122)
at org.testng.Assert.assertEquals(Assert.java:629)
at org.testng.Assert.assertEquals(Assert.java:639)
at testcases_package.sanityAfterLogin.verify_dropdown_navigate_to_my_Payment_method(sanityAfterLogin.java:234)
at java.base/jdk.internal.reflect.NativeMethodAccessorImpl.invoke0(Native Method)
at java.base/jdk.internal.reflect.NativeMethodAccessorImpl.invoke(NativeMethodAccessorImpl.java:77)
at java.base/jdk.internal.reflect.DelegatingMethodAccessorImpl.invoke(DelegatingMethodAccessorImpl.java:43)
at java.base/java.lang.reflect.Method.invoke(Method.java:568)
at org.testng.internal.MethodInvocationHelper.invokeMethod(MethodInvocationHelper.java:133)
at org.testng.internal.TestInvoker.invokeMethod(TestInvoker.java:598)
at org.testng.internal.TestInvoker.invokeTestMethod(TestInvoker.java:173)
at org.testng.internal.MethodRunner.runInSequence(MethodRunner.java:46)
at org.testng.internal.TestInvoker$MethodInvocationAgent.invoke(TestInvoker.java:824)
at org.testng.internal.TestInvoker.invokeTestMethods(TestInvoker.java:146)
at org.testng.internal.TestMethodWorker.invokeTestMethods(TestMethodWorker.java:146)
at org.testng.internal.TestMethodWorker.run(TestMethodWorker.java:128)
at java.base/java.util.ArrayList.forEach(ArrayList.java:1511)
at org.testng.TestRunner.privateRun(TestRunner.java:794)
at org.testng.TestRunner.run(TestRunner.java:596)
at org.testng.SuiteRunner.runTest(SuiteRunner.java:377)
at org.testng.SuiteRunner.runSequentially(SuiteRunner.java:371)
at org.testng.SuiteRunner.privateRun(SuiteRunner.java:332)
at org.testng.SuiteRunner.run(SuiteRunner.java:276)
at org.testng.SuiteRunnerWorker.runSuite(SuiteRunnerWorker.java:53)
at org.testng.SuiteRunnerWorker.run(SuiteRunnerWorker.java:96)
at org.testng.TestNG.runSuitesSequentially(TestNG.java:1212)
at org.testng.TestNG.runSuitesLocally(TestNG.java:1134)
at org.testng.TestNG.runSuites(TestNG.java:1063)
at org.testng.TestNG.run(TestNG.java:1031)
at org.testng.remote.AbstractRemoteTestNG.run(AbstractRemoteTestNG.java:115)
at org.testng.remote.RemoteTestNG.initAndRun(RemoteTestNG.java:251)
at org.testng.remote.RemoteTestNG.main(RemoteTestNG.java:77)
]]>
            </full-stacktrace>
          </exception> <!-- java.lang.AssertionError -->
          <reporter-output>
          </reporter-output>
        </test-method> <!-- verify_dropdown_navigate_to_my_Payment_method -->
        <test-method signature="verify_try_now_button_is_functional()[pri:10, instance:testcases_package.sanityAfterLogin@76908cc0]" started-at="2024-04-25T17:58:20 IST" name="verify_try_now_button_is_functional" finished-at="2024-04-25T17:58:21 IST" duration-ms="1061" status="PASS">
          <reporter-output>
          </reporter-output>
        </test-method> <!-- verify_try_now_button_is_functional -->
        <test-method is-config="true" signature="Close_Browser()[pri:0, instance:testcases_package.sanityAfterLogin@76908cc0]" started-at="2024-04-25T17:58:21 IST" name="Close_Browser" finished-at="2024-04-25T17:58:21 IST" duration-ms="129" status="PASS">
          <reporter-output>
          </reporter-output>
        </test-method> <!-- Close_Browser -->
      </class> <!-- testcases_package.sanityAfterLogin -->
    </test> <!-- Default test -->
  </suite> <!-- Default suite -->
</testng-results>
